{
  "RSpec": {
    "coverage": {
      "/Users/soroushkhosravi/projects/Bank_tech_test/lib/account.rb": [
        1,
        null,
        1,
        4,
        4,
        null,
        null,
        1,
        3,
        3,
        null,
        null,
        1,
        2,
        2,
        null,
        null,
        1,
        1,
        null,
        null,
        1,
        3,
        null,
        null,
        1,
        null,
        1,
        1,
        1,
        3,
        null,
        1,
        null,
        null,
        1,
        3,
        null,
        null,
        1,
        2,
        null,
        null
      ]
    },
    "timestamp": 1554904681
  }
}
