{
  "RSpec": {
    "coverage": {
      "/Users/soroushkhosravi/projects/Bank_tech_test/lib/account.rb": [
        1,
        null,
        1,
        3,
        3,
        null,
        null,
        1,
        1,
        1,
        null,
        null,
        1,
        1,
        1,
        null,
        null,
        1,
        3,
        null,
        null,
        1,
        0,
        null,
        null,
        1,
        1,
        1,
        null,
        null,
        1,
        1,
        null,
        null
      ],
      "/Users/soroushkhosravi/projects/Bank_tech_test/lib/statement.rb": [
        1,
        1,
        1,
        null,
        null,
        1,
        1,
        null,
        null,
        1,
        1,
        1,
        1,
        1,
        null,
        1,
        null,
        null
      ]
    },
    "timestamp": 1554978625
  }
}
